mode: set
github.com/DxChainNetwork/godx/storage/storageclient/filesystem/dirmetadataupdate.go:98.75,100.54 1 1
github.com/DxChainNetwork/godx/storage/storageclient/filesystem/dirmetadataupdate.go:103.2,104.16 2 1
github.com/DxChainNetwork/godx/storage/storageclient/filesystem/dirmetadataupdate.go:108.2,108.55 1 1
github.com/DxChainNetwork/godx/storage/storageclient/filesystem/dirmetadataupdate.go:116.2,116.12 1 1
github.com/DxChainNetwork/godx/storage/storageclient/filesystem/dirmetadataupdate.go:100.54,102.3 1 0
github.com/DxChainNetwork/godx/storage/storageclient/filesystem/dirmetadataupdate.go:104.16,106.3 1 0
github.com/DxChainNetwork/godx/storage/storageclient/filesystem/dirmetadataupdate.go:108.55,110.40 1 1
github.com/DxChainNetwork/godx/storage/storageclient/filesystem/dirmetadataupdate.go:113.3,114.13 2 1
github.com/DxChainNetwork/godx/storage/storageclient/filesystem/dirmetadataupdate.go:110.40,112.4 1 1
github.com/DxChainNetwork/godx/storage/storageclient/filesystem/dirmetadataupdate.go:120.104,122.16 2 1
github.com/DxChainNetwork/godx/storage/storageclient/filesystem/dirmetadataupdate.go:125.2,126.16 2 1
github.com/DxChainNetwork/godx/storage/storageclient/filesystem/dirmetadataupdate.go:130.2,130.44 1 1
github.com/DxChainNetwork/godx/storage/storageclient/filesystem/dirmetadataupdate.go:133.2,133.38 1 1
github.com/DxChainNetwork/godx/storage/storageclient/filesystem/dirmetadataupdate.go:136.2,136.17 1 1
github.com/DxChainNetwork/godx/storage/storageclient/filesystem/dirmetadataupdate.go:122.16,124.3 1 0
github.com/DxChainNetwork/godx/storage/storageclient/filesystem/dirmetadataupdate.go:126.16,128.3 1 0
github.com/DxChainNetwork/godx/storage/storageclient/filesystem/dirmetadataupdate.go:130.44,132.3 1 0
github.com/DxChainNetwork/godx/storage/storageclient/filesystem/dirmetadataupdate.go:133.38,135.3 1 0
github.com/DxChainNetwork/godx/storage/storageclient/filesystem/dirmetadataupdate.go:140.72,142.16 2 1
github.com/DxChainNetwork/godx/storage/storageclient/filesystem/dirmetadataupdate.go:145.2,148.8 1 1
github.com/DxChainNetwork/godx/storage/storageclient/filesystem/dirmetadataupdate.go:142.16,144.3 1 0
github.com/DxChainNetwork/godx/storage/storageclient/filesystem/dirmetadataupdate.go:152.77,153.45 1 0
github.com/DxChainNetwork/godx/storage/storageclient/filesystem/dirmetadataupdate.go:156.2,157.60 2 0
github.com/DxChainNetwork/godx/storage/storageclient/filesystem/dirmetadataupdate.go:160.2,160.29 1 0
github.com/DxChainNetwork/godx/storage/storageclient/filesystem/dirmetadataupdate.go:153.45,155.3 1 0
github.com/DxChainNetwork/godx/storage/storageclient/filesystem/dirmetadataupdate.go:157.60,159.3 1 0
github.com/DxChainNetwork/godx/storage/storageclient/filesystem/dirmetadataupdate.go:177.109,182.11 4 1
github.com/DxChainNetwork/godx/storage/storageclient/filesystem/dirmetadataupdate.go:195.2,196.14 2 1
github.com/DxChainNetwork/godx/storage/storageclient/filesystem/dirmetadataupdate.go:201.2,201.15 1 1
github.com/DxChainNetwork/godx/storage/storageclient/filesystem/dirmetadataupdate.go:207.2,208.16 2 1
github.com/DxChainNetwork/godx/storage/storageclient/filesystem/dirmetadataupdate.go:212.2,214.19 2 1
github.com/DxChainNetwork/godx/storage/storageclient/filesystem/dirmetadataupdate.go:219.2,220.8 2 1
github.com/DxChainNetwork/godx/storage/storageclient/filesystem/dirmetadataupdate.go:182.11,184.3 1 1
github.com/DxChainNetwork/godx/storage/storageclient/filesystem/dirmetadataupdate.go:184.8,191.3 1 1
github.com/DxChainNetwork/godx/storage/storageclient/filesystem/dirmetadataupdate.go:196.14,200.3 2 1
github.com/DxChainNetwork/godx/storage/storageclient/filesystem/dirmetadataupdate.go:201.15,203.17 1 1
github.com/DxChainNetwork/godx/storage/storageclient/filesystem/dirmetadataupdate.go:203.17,205.4 1 0
github.com/DxChainNetwork/godx/storage/storageclient/filesystem/dirmetadataupdate.go:208.16,211.3 2 0
github.com/DxChainNetwork/godx/storage/storageclient/filesystem/dirmetadataupdate.go:214.19,218.3 3 1
github.com/DxChainNetwork/godx/storage/storageclient/filesystem/dirmetadataupdate.go:225.48,228.9 2 1
github.com/DxChainNetwork/godx/storage/storageclient/filesystem/dirmetadataupdate.go:229.33,229.33 0 0
github.com/DxChainNetwork/godx/storage/storageclient/filesystem/dirmetadataupdate.go:230.10,230.10 0 1
github.com/DxChainNetwork/godx/storage/storageclient/filesystem/dirmetadataupdate.go:236.76,241.6 3 1
github.com/DxChainNetwork/godx/storage/storageclient/filesystem/dirmetadataupdate.go:263.2,263.8 1 1
github.com/DxChainNetwork/godx/storage/storageclient/filesystem/dirmetadataupdate.go:241.6,244.10 2 1
github.com/DxChainNetwork/godx/storage/storageclient/filesystem/dirmetadataupdate.go:250.3,251.17 2 1
github.com/DxChainNetwork/godx/storage/storageclient/filesystem/dirmetadataupdate.go:254.3,255.17 2 1
github.com/DxChainNetwork/godx/storage/storageclient/filesystem/dirmetadataupdate.go:259.3,259.55 1 1
github.com/DxChainNetwork/godx/storage/storageclient/filesystem/dirmetadataupdate.go:245.22,247.10 2 0
github.com/DxChainNetwork/godx/storage/storageclient/filesystem/dirmetadataupdate.go:248.11,248.11 0 1
github.com/DxChainNetwork/godx/storage/storageclient/filesystem/dirmetadataupdate.go:251.17,253.4 1 0
github.com/DxChainNetwork/godx/storage/storageclient/filesystem/dirmetadataupdate.go:255.17,257.4 1 0
github.com/DxChainNetwork/godx/storage/storageclient/filesystem/dirmetadataupdate.go:259.55,260.9 1 1
github.com/DxChainNetwork/godx/storage/storageclient/filesystem/dirmetadataupdate.go:273.69,282.16 3 1
github.com/DxChainNetwork/godx/storage/storageclient/filesystem/dirmetadataupdate.go:285.2,287.54 3 1
github.com/DxChainNetwork/godx/storage/storageclient/filesystem/dirmetadataupdate.go:293.2,293.13 1 1
github.com/DxChainNetwork/godx/storage/storageclient/filesystem/dirmetadataupdate.go:302.2,302.28 1 1
github.com/DxChainNetwork/godx/storage/storageclient/filesystem/dirmetadataupdate.go:282.16,284.3 1 0
github.com/DxChainNetwork/godx/storage/storageclient/filesystem/dirmetadataupdate.go:287.54,289.3 1 1
github.com/DxChainNetwork/godx/storage/storageclient/filesystem/dirmetadataupdate.go:293.13,301.3 6 1
github.com/DxChainNetwork/godx/storage/storageclient/filesystem/dirmetadataupdate.go:302.28,304.41 1 0
github.com/DxChainNetwork/godx/storage/storageclient/filesystem/dirmetadataupdate.go:304.41,306.4 1 0
github.com/DxChainNetwork/godx/storage/storageclient/filesystem/dirmetadataupdate.go:306.9,308.4 1 0
github.com/DxChainNetwork/godx/storage/storageclient/filesystem/dirmetadataupdate.go:309.8,310.29 1 1
github.com/DxChainNetwork/godx/storage/storageclient/filesystem/dirmetadataupdate.go:314.3,315.17 2 1
github.com/DxChainNetwork/godx/storage/storageclient/filesystem/dirmetadataupdate.go:319.3,319.60 1 1
github.com/DxChainNetwork/godx/storage/storageclient/filesystem/dirmetadataupdate.go:310.29,313.4 1 1
github.com/DxChainNetwork/godx/storage/storageclient/filesystem/dirmetadataupdate.go:315.17,318.4 2 0
github.com/DxChainNetwork/godx/storage/storageclient/filesystem/dirmetadataupdate.go:319.60,321.4 1 0
github.com/DxChainNetwork/godx/storage/storageclient/filesystem/dirmetadataupdate.go:328.106,344.16 3 1
github.com/DxChainNetwork/godx/storage/storageclient/filesystem/dirmetadataupdate.go:348.2,348.33 1 1
github.com/DxChainNetwork/godx/storage/storageclient/filesystem/dirmetadataupdate.go:377.2,377.22 1 1
github.com/DxChainNetwork/godx/storage/storageclient/filesystem/dirmetadataupdate.go:344.16,346.3 1 0
github.com/DxChainNetwork/godx/storage/storageclient/filesystem/dirmetadataupdate.go:348.33,350.10 1 1
github.com/DxChainNetwork/godx/storage/storageclient/filesystem/dirmetadataupdate.go:355.3,357.31 3 1
github.com/DxChainNetwork/godx/storage/storageclient/filesystem/dirmetadataupdate.go:375.3,375.60 1 1
github.com/DxChainNetwork/godx/storage/storageclient/filesystem/dirmetadataupdate.go:351.22,352.26 1 0
github.com/DxChainNetwork/godx/storage/storageclient/filesystem/dirmetadataupdate.go:353.11,353.11 0 1
github.com/DxChainNetwork/godx/storage/storageclient/filesystem/dirmetadataupdate.go:357.31,360.18 2 1
github.com/DxChainNetwork/godx/storage/storageclient/filesystem/dirmetadataupdate.go:360.18,362.13 2 0
github.com/DxChainNetwork/godx/storage/storageclient/filesystem/dirmetadataupdate.go:364.9,364.26 1 1
github.com/DxChainNetwork/godx/storage/storageclient/filesystem/dirmetadataupdate.go:364.26,367.18 2 1
github.com/DxChainNetwork/godx/storage/storageclient/filesystem/dirmetadataupdate.go:367.18,369.13 2 0
github.com/DxChainNetwork/godx/storage/storageclient/filesystem/dirmetadataupdate.go:371.9,373.12 1 1
github.com/DxChainNetwork/godx/storage/storageclient/filesystem/dirmetadataupdate.go:381.113,386.16 3 1
github.com/DxChainNetwork/godx/storage/storageclient/filesystem/dirmetadataupdate.go:390.2,391.16 2 1
github.com/DxChainNetwork/godx/storage/storageclient/filesystem/dirmetadataupdate.go:394.2,398.77 3 1
github.com/DxChainNetwork/godx/storage/storageclient/filesystem/dirmetadataupdate.go:401.2,405.64 3 1
github.com/DxChainNetwork/godx/storage/storageclient/filesystem/dirmetadataupdate.go:408.2,422.51 2 1
github.com/DxChainNetwork/godx/storage/storageclient/filesystem/dirmetadataupdate.go:386.16,388.3 1 0
github.com/DxChainNetwork/godx/storage/storageclient/filesystem/dirmetadataupdate.go:391.16,393.3 1 0
github.com/DxChainNetwork/godx/storage/storageclient/filesystem/dirmetadataupdate.go:398.77,400.3 1 0
github.com/DxChainNetwork/godx/storage/storageclient/filesystem/dirmetadataupdate.go:405.64,407.3 1 0
github.com/DxChainNetwork/godx/storage/storageclient/filesystem/dirmetadataupdate.go:426.112,428.16 2 1
github.com/DxChainNetwork/godx/storage/storageclient/filesystem/dirmetadataupdate.go:431.2,432.24 2 1
github.com/DxChainNetwork/godx/storage/storageclient/filesystem/dirmetadataupdate.go:442.2,451.8 2 1
github.com/DxChainNetwork/godx/storage/storageclient/filesystem/dirmetadataupdate.go:428.16,430.3 1 0
github.com/DxChainNetwork/godx/storage/storageclient/filesystem/dirmetadataupdate.go:432.24,435.17 2 0
github.com/DxChainNetwork/godx/storage/storageclient/filesystem/dirmetadataupdate.go:435.17,437.4 1 0
github.com/DxChainNetwork/godx/storage/storageclient/filesystem/dirmetadataupdate.go:438.8,438.23 1 1
github.com/DxChainNetwork/godx/storage/storageclient/filesystem/dirmetadataupdate.go:438.23,440.3 1 0
github.com/DxChainNetwork/godx/storage/storageclient/filesystem/dirmetadataupdate.go:455.89,458.29 3 1
github.com/DxChainNetwork/godx/storage/storageclient/filesystem/dirmetadataupdate.go:469.2,470.16 2 1
github.com/DxChainNetwork/godx/storage/storageclient/filesystem/dirmetadataupdate.go:473.2,473.18 1 1
github.com/DxChainNetwork/godx/storage/storageclient/filesystem/dirmetadataupdate.go:458.29,460.17 2 1
github.com/DxChainNetwork/godx/storage/storageclient/filesystem/dirmetadataupdate.go:460.17,462.4 1 0
github.com/DxChainNetwork/godx/storage/storageclient/filesystem/dirmetadataupdate.go:463.8,465.17 2 1
github.com/DxChainNetwork/godx/storage/storageclient/filesystem/dirmetadataupdate.go:465.17,467.4 1 0
github.com/DxChainNetwork/godx/storage/storageclient/filesystem/dirmetadataupdate.go:470.16,472.3 1 0
github.com/DxChainNetwork/godx/storage/storageclient/filesystem/dirmetadataupdate.go:477.102,481.60 3 1
github.com/DxChainNetwork/godx/storage/storageclient/filesystem/dirmetadataupdate.go:484.2,484.70 1 1
github.com/DxChainNetwork/godx/storage/storageclient/filesystem/dirmetadataupdate.go:488.2,488.45 1 1
github.com/DxChainNetwork/godx/storage/storageclient/filesystem/dirmetadataupdate.go:491.2,493.72 2 1
github.com/DxChainNetwork/godx/storage/storageclient/filesystem/dirmetadataupdate.go:496.2,496.11 1 1
github.com/DxChainNetwork/godx/storage/storageclient/filesystem/dirmetadataupdate.go:481.60,483.3 1 1
github.com/DxChainNetwork/godx/storage/storageclient/filesystem/dirmetadataupdate.go:484.70,486.3 1 1
github.com/DxChainNetwork/godx/storage/storageclient/filesystem/dirmetadataupdate.go:488.45,490.3 1 1
github.com/DxChainNetwork/godx/storage/storageclient/filesystem/dirmetadataupdate.go:493.72,495.3 1 0
github.com/DxChainNetwork/godx/storage/storageclient/filesystem/disrupter.go:25.43,27.12 2 1
github.com/DxChainNetwork/godx/storage/storageclient/filesystem/disrupter.go:30.2,30.12 1 0
github.com/DxChainNetwork/godx/storage/storageclient/filesystem/disrupter.go:27.12,29.3 1 1
github.com/DxChainNetwork/godx/storage/storageclient/filesystem/disrupter.go:35.72,39.2 3 0
github.com/DxChainNetwork/godx/storage/storageclient/filesystem/disrupter.go:42.51,46.2 3 1
github.com/DxChainNetwork/godx/storage/storageclient/filesystem/disrupter.go:50.69,54.2 3 0
github.com/DxChainNetwork/godx/storage/storageclient/filesystem/disrupter.go:57.82,60.2 2 1
github.com/DxChainNetwork/godx/storage/storageclient/filesystem/disrupter.go:64.61,65.21 1 0
github.com/DxChainNetwork/godx/storage/storageclient/filesystem/disrupter.go:65.21,68.24 3 0
github.com/DxChainNetwork/godx/storage/storageclient/filesystem/disrupter.go:71.3,71.15 1 0
github.com/DxChainNetwork/godx/storage/storageclient/filesystem/disrupter.go:68.24,70.4 1 0
github.com/DxChainNetwork/godx/storage/storageclient/filesystem/disrupter.go:76.42,77.21 1 1
github.com/DxChainNetwork/godx/storage/storageclient/filesystem/disrupter.go:77.21,79.3 1 0
github.com/DxChainNetwork/godx/storage/storageclient/filesystem/disrupter.go:84.73,85.21 1 1
github.com/DxChainNetwork/godx/storage/storageclient/filesystem/disrupter.go:85.21,88.3 2 0
github.com/DxChainNetwork/godx/storage/storageclient/filesystem/filesystem.go:74.70,77.2 2 0
github.com/DxChainNetwork/godx/storage/storageclient/filesystem/filesystem.go:80.101,90.2 1 1
github.com/DxChainNetwork/godx/storage/storageclient/filesystem/filesystem.go:94.37,96.41 1 1
github.com/DxChainNetwork/godx/storage/storageclient/filesystem/filesystem.go:100.2,100.43 1 1
github.com/DxChainNetwork/godx/storage/storageclient/filesystem/filesystem.go:104.2,105.74 2 1
github.com/DxChainNetwork/godx/storage/storageclient/filesystem/filesystem.go:108.2,111.12 3 1
github.com/DxChainNetwork/godx/storage/storageclient/filesystem/filesystem.go:96.41,98.3 1 0
github.com/DxChainNetwork/godx/storage/storageclient/filesystem/filesystem.go:100.43,102.3 1 0
github.com/DxChainNetwork/godx/storage/storageclient/filesystem/filesystem.go:105.74,107.3 1 0
github.com/DxChainNetwork/godx/storage/storageclient/filesystem/filesystem.go:115.43,118.16 3 1
github.com/DxChainNetwork/godx/storage/storageclient/filesystem/filesystem.go:121.2,121.36 1 1
github.com/DxChainNetwork/godx/storage/storageclient/filesystem/filesystem.go:131.2,132.12 2 1
github.com/DxChainNetwork/godx/storage/storageclient/filesystem/filesystem.go:118.16,120.3 1 0
github.com/DxChainNetwork/godx/storage/storageclient/filesystem/filesystem.go:121.36,123.17 2 0
github.com/DxChainNetwork/godx/storage/storageclient/filesystem/filesystem.go:126.3,127.17 2 0
github.com/DxChainNetwork/godx/storage/storageclient/filesystem/filesystem.go:123.17,125.4 1 0
github.com/DxChainNetwork/godx/storage/storageclient/filesystem/filesystem.go:127.17,129.4 1 0
github.com/DxChainNetwork/godx/storage/storageclient/filesystem/filesystem.go:136.45,139.16 3 1
github.com/DxChainNetwork/godx/storage/storageclient/filesystem/filesystem.go:142.2,142.36 1 1
github.com/DxChainNetwork/godx/storage/storageclient/filesystem/filesystem.go:156.2,157.12 2 1
github.com/DxChainNetwork/godx/storage/storageclient/filesystem/filesystem.go:139.16,141.3 1 0
github.com/DxChainNetwork/godx/storage/storageclient/filesystem/filesystem.go:142.36,143.37 1 0
github.com/DxChainNetwork/godx/storage/storageclient/filesystem/filesystem.go:143.37,145.18 2 0
github.com/DxChainNetwork/godx/storage/storageclient/filesystem/filesystem.go:150.4,150.80 1 0
github.com/DxChainNetwork/godx/storage/storageclient/filesystem/filesystem.go:145.18,147.5 1 0
github.com/DxChainNetwork/godx/storage/storageclient/filesystem/filesystem.go:150.80,152.10 2 0
github.com/DxChainNetwork/godx/storage/storageclient/filesystem/filesystem.go:161.37,165.46 4 1
github.com/DxChainNetwork/godx/storage/storageclient/filesystem/filesystem.go:169.2,170.16 2 1
github.com/DxChainNetwork/godx/storage/storageclient/filesystem/filesystem.go:173.2,174.16 2 1
github.com/DxChainNetwork/godx/storage/storageclient/filesystem/filesystem.go:177.2,177.49 1 1
github.com/DxChainNetwork/godx/storage/storageclient/filesystem/filesystem.go:165.46,167.3 1 0
github.com/DxChainNetwork/godx/storage/storageclient/filesystem/filesystem.go:170.16,172.3 1 0
github.com/DxChainNetwork/godx/storage/storageclient/filesystem/filesystem.go:174.16,176.3 1 0
github.com/DxChainNetwork/godx/storage/storageclient/filesystem/filesystem.go:182.63,184.16 2 1
github.com/DxChainNetwork/godx/storage/storageclient/filesystem/filesystem.go:187.2,189.6 2 1
github.com/DxChainNetwork/godx/storage/storageclient/filesystem/filesystem.go:184.16,186.3 1 0
github.com/DxChainNetwork/godx/storage/storageclient/filesystem/filesystem.go:189.6,192.10 1 1
github.com/DxChainNetwork/godx/storage/storageclient/filesystem/filesystem.go:197.3,198.17 2 0
github.com/DxChainNetwork/godx/storage/storageclient/filesystem/filesystem.go:193.27,194.10 1 1
github.com/DxChainNetwork/godx/storage/storageclient/filesystem/filesystem.go:195.51,195.51 0 0
github.com/DxChainNetwork/godx/storage/storageclient/filesystem/filesystem.go:198.17,200.4 1 0
github.com/DxChainNetwork/godx/storage/storageclient/filesystem/filesystem.go:205.65,209.49 3 0
github.com/DxChainNetwork/godx/storage/storageclient/filesystem/filesystem.go:212.2,215.46 3 0
github.com/DxChainNetwork/godx/storage/storageclient/filesystem/filesystem.go:230.2,230.12 1 0
github.com/DxChainNetwork/godx/storage/storageclient/filesystem/filesystem.go:209.49,211.3 1 0
github.com/DxChainNetwork/godx/storage/storageclient/filesystem/filesystem.go:215.46,217.10 1 0
github.com/DxChainNetwork/godx/storage/storageclient/filesystem/filesystem.go:223.3,224.28 2 0
github.com/DxChainNetwork/godx/storage/storageclient/filesystem/filesystem.go:228.3,228.66 1 0
github.com/DxChainNetwork/godx/storage/storageclient/filesystem/filesystem.go:218.27,219.14 1 0
github.com/DxChainNetwork/godx/storage/storageclient/filesystem/filesystem.go:220.11,220.11 0 0
github.com/DxChainNetwork/godx/storage/storageclient/filesystem/filesystem.go:224.28,225.12 1 0
github.com/DxChainNetwork/godx/storage/storageclient/filesystem/filesystem.go:234.46,236.2 1 0
