mode: set
github.com/DxChainNetwork/godx/common/test_utils.go:26.51,28.16 2 0
github.com/DxChainNetwork/godx/common/test_utils.go:31.2,31.53 1 0
github.com/DxChainNetwork/godx/common/test_utils.go:38.2,38.12 1 0
github.com/DxChainNetwork/godx/common/test_utils.go:28.16,30.3 1 0
github.com/DxChainNetwork/godx/common/test_utils.go:31.53,32.51 1 0
github.com/DxChainNetwork/godx/common/test_utils.go:36.3,36.65 1 0
github.com/DxChainNetwork/godx/common/test_utils.go:32.51,35.4 2 0
github.com/DxChainNetwork/godx/common/test_utils.go:42.53,44.33 2 0
github.com/DxChainNetwork/godx/common/test_utils.go:52.2,52.8 1 0
github.com/DxChainNetwork/godx/common/test_utils.go:44.33,45.25 1 0
github.com/DxChainNetwork/godx/common/test_utils.go:48.3,48.16 1 0
github.com/DxChainNetwork/godx/common/test_utils.go:45.25,47.4 1 0
github.com/DxChainNetwork/godx/common/test_utils.go:48.16,50.4 1 0
github.com/DxChainNetwork/godx/common/bytes.go:26.29,28.19 2 0
github.com/DxChainNetwork/godx/common/bytes.go:31.2,31.19 1 0
github.com/DxChainNetwork/godx/common/bytes.go:28.19,30.3 1 0
github.com/DxChainNetwork/godx/common/bytes.go:35.38,37.19 2 0
github.com/DxChainNetwork/godx/common/bytes.go:40.2,40.10 1 0
github.com/DxChainNetwork/godx/common/bytes.go:37.19,39.3 1 0
github.com/DxChainNetwork/godx/common/bytes.go:45.31,46.16 1 0
github.com/DxChainNetwork/godx/common/bytes.go:51.2,51.19 1 0
github.com/DxChainNetwork/godx/common/bytes.go:54.2,54.21 1 0
github.com/DxChainNetwork/godx/common/bytes.go:46.16,47.39 1 0
github.com/DxChainNetwork/godx/common/bytes.go:47.39,49.4 1 0
github.com/DxChainNetwork/godx/common/bytes.go:51.19,53.3 1 0
github.com/DxChainNetwork/godx/common/bytes.go:58.47,59.14 1 0
github.com/DxChainNetwork/godx/common/bytes.go:62.2,65.8 3 0
github.com/DxChainNetwork/godx/common/bytes.go:59.14,61.3 1 0
github.com/DxChainNetwork/godx/common/bytes.go:69.36,71.2 1 0
github.com/DxChainNetwork/godx/common/bytes.go:74.34,76.2 1 0
github.com/DxChainNetwork/godx/common/bytes.go:79.29,80.21 1 0
github.com/DxChainNetwork/godx/common/bytes.go:83.2,83.32 1 0
github.com/DxChainNetwork/godx/common/bytes.go:88.2,88.13 1 0
github.com/DxChainNetwork/godx/common/bytes.go:80.21,82.3 1 0
github.com/DxChainNetwork/godx/common/bytes.go:83.32,84.25 1 0
github.com/DxChainNetwork/godx/common/bytes.go:84.25,86.4 1 0
github.com/DxChainNetwork/godx/common/bytes.go:92.33,94.2 1 0
github.com/DxChainNetwork/godx/common/bytes.go:97.35,100.2 2 0
github.com/DxChainNetwork/godx/common/bytes.go:103.50,105.20 2 0
github.com/DxChainNetwork/godx/common/bytes.go:108.2,108.19 1 0
github.com/DxChainNetwork/godx/common/bytes.go:111.2,113.11 3 0
github.com/DxChainNetwork/godx/common/bytes.go:105.20,107.3 1 0
github.com/DxChainNetwork/godx/common/bytes.go:108.19,110.3 1 0
github.com/DxChainNetwork/godx/common/bytes.go:117.48,118.21 1 0
github.com/DxChainNetwork/godx/common/bytes.go:122.2,125.15 3 0
github.com/DxChainNetwork/godx/common/bytes.go:118.21,120.3 1 0
github.com/DxChainNetwork/godx/common/bytes.go:129.47,130.21 1 0
github.com/DxChainNetwork/godx/common/bytes.go:134.2,137.15 3 0
github.com/DxChainNetwork/godx/common/bytes.go:130.21,132.3 1 0
github.com/DxChainNetwork/godx/common/json.go:42.76,45.16 2 1
github.com/DxChainNetwork/godx/common/json.go:50.2,50.15 1 1
github.com/DxChainNetwork/godx/common/json.go:56.2,58.71 2 1
github.com/DxChainNetwork/godx/common/json.go:63.2,63.16 1 1
github.com/DxChainNetwork/godx/common/json.go:70.2,70.12 1 1
github.com/DxChainNetwork/godx/common/json.go:45.16,47.3 1 1
github.com/DxChainNetwork/godx/common/json.go:50.15,54.3 3 1
github.com/DxChainNetwork/godx/common/json.go:58.71,60.3 1 0
github.com/DxChainNetwork/godx/common/json.go:63.16,65.17 2 1
github.com/DxChainNetwork/godx/common/json.go:65.17,67.4 1 1
github.com/DxChainNetwork/godx/common/json.go:73.70,77.24 2 1
github.com/DxChainNetwork/godx/common/json.go:80.2,80.16 1 1
github.com/DxChainNetwork/godx/common/json.go:83.2,88.44 4 1
github.com/DxChainNetwork/godx/common/json.go:91.2,91.27 1 1
github.com/DxChainNetwork/godx/common/json.go:95.2,95.45 1 1
github.com/DxChainNetwork/godx/common/json.go:98.2,98.29 1 1
github.com/DxChainNetwork/godx/common/json.go:103.2,104.16 2 1
github.com/DxChainNetwork/godx/common/json.go:109.2,110.16 2 1
github.com/DxChainNetwork/godx/common/json.go:113.2,116.39 3 1
github.com/DxChainNetwork/godx/common/json.go:127.2,127.17 1 1
github.com/DxChainNetwork/godx/common/json.go:138.2,138.40 1 1
github.com/DxChainNetwork/godx/common/json.go:77.24,79.3 1 0
github.com/DxChainNetwork/godx/common/json.go:80.16,82.3 1 0
github.com/DxChainNetwork/godx/common/json.go:88.44,90.3 1 0
github.com/DxChainNetwork/godx/common/json.go:91.27,93.3 1 0
github.com/DxChainNetwork/godx/common/json.go:95.45,97.3 1 0
github.com/DxChainNetwork/godx/common/json.go:98.29,100.3 1 0
github.com/DxChainNetwork/godx/common/json.go:104.16,106.3 1 0
github.com/DxChainNetwork/godx/common/json.go:110.16,112.3 1 0
github.com/DxChainNetwork/godx/common/json.go:116.39,120.89 4 1
github.com/DxChainNetwork/godx/common/json.go:120.89,122.4 1 1
github.com/DxChainNetwork/godx/common/json.go:122.9,122.24 1 1
github.com/DxChainNetwork/godx/common/json.go:122.24,124.4 1 1
github.com/DxChainNetwork/godx/common/json.go:127.17,130.43 3 1
github.com/DxChainNetwork/godx/common/json.go:130.43,132.4 1 0
github.com/DxChainNetwork/godx/common/json.go:132.9,132.24 1 1
github.com/DxChainNetwork/godx/common/json.go:132.24,134.4 1 1
github.com/DxChainNetwork/godx/common/json.go:143.76,146.16 2 1
github.com/DxChainNetwork/godx/common/json.go:151.2,151.15 1 1
github.com/DxChainNetwork/godx/common/json.go:157.2,161.48 3 1
github.com/DxChainNetwork/godx/common/json.go:164.2,164.49 1 1
github.com/DxChainNetwork/godx/common/json.go:169.2,170.16 2 1
github.com/DxChainNetwork/godx/common/json.go:175.2,177.44 2 1
github.com/DxChainNetwork/godx/common/json.go:182.2,186.27 3 1
github.com/DxChainNetwork/godx/common/json.go:193.2,194.16 2 1
github.com/DxChainNetwork/godx/common/json.go:198.2,198.12 1 1
github.com/DxChainNetwork/godx/common/json.go:146.16,148.3 1 0
github.com/DxChainNetwork/godx/common/json.go:151.15,155.3 3 1
github.com/DxChainNetwork/godx/common/json.go:161.48,163.3 1 0
github.com/DxChainNetwork/godx/common/json.go:164.49,166.3 1 0
github.com/DxChainNetwork/godx/common/json.go:170.16,172.3 1 0
github.com/DxChainNetwork/godx/common/json.go:177.44,179.3 1 0
github.com/DxChainNetwork/godx/common/json.go:186.27,188.17 2 1
github.com/DxChainNetwork/godx/common/json.go:188.17,190.4 1 0
github.com/DxChainNetwork/godx/common/json.go:194.16,196.3 1 0
github.com/DxChainNetwork/godx/common/json.go:202.44,204.45 1 1
github.com/DxChainNetwork/godx/common/json.go:208.2,210.48 3 1
github.com/DxChainNetwork/godx/common/json.go:213.2,214.12 2 1
github.com/DxChainNetwork/godx/common/json.go:204.45,206.3 1 1
github.com/DxChainNetwork/godx/common/json.go:210.48,212.3 1 1
github.com/DxChainNetwork/godx/common/json.go:218.59,221.16 2 1
github.com/DxChainNetwork/godx/common/json.go:227.2,227.15 1 1
github.com/DxChainNetwork/godx/common/json.go:237.2,238.16 2 1
github.com/DxChainNetwork/godx/common/json.go:242.2,243.16 2 1
github.com/DxChainNetwork/godx/common/json.go:248.2,248.12 1 1
github.com/DxChainNetwork/godx/common/json.go:221.16,224.3 2 0
github.com/DxChainNetwork/godx/common/json.go:227.15,229.38 2 1
github.com/DxChainNetwork/godx/common/json.go:229.38,231.4 1 0
github.com/DxChainNetwork/godx/common/json.go:231.9,231.45 1 1
github.com/DxChainNetwork/godx/common/json.go:231.45,233.4 1 0
github.com/DxChainNetwork/godx/common/json.go:238.16,241.3 2 0
github.com/DxChainNetwork/godx/common/json.go:243.16,246.3 2 0
github.com/DxChainNetwork/godx/common/json.go:252.39,255.24 2 1
github.com/DxChainNetwork/godx/common/json.go:258.2,258.16 1 1
github.com/DxChainNetwork/godx/common/json.go:261.2,266.44 4 1
github.com/DxChainNetwork/godx/common/json.go:269.2,269.45 1 1
github.com/DxChainNetwork/godx/common/json.go:274.2,275.16 2 1
github.com/DxChainNetwork/godx/common/json.go:280.2,281.16 2 1
github.com/DxChainNetwork/godx/common/json.go:284.2,288.39 3 1
github.com/DxChainNetwork/godx/common/json.go:296.2,297.42 2 0
github.com/DxChainNetwork/godx/common/json.go:305.2,305.30 1 0
github.com/DxChainNetwork/godx/common/json.go:255.24,257.3 1 0
github.com/DxChainNetwork/godx/common/json.go:258.16,260.3 1 0
github.com/DxChainNetwork/godx/common/json.go:266.44,268.3 1 0
github.com/DxChainNetwork/godx/common/json.go:269.45,271.3 1 0
github.com/DxChainNetwork/godx/common/json.go:275.16,277.3 1 0
github.com/DxChainNetwork/godx/common/json.go:281.16,283.3 1 0
github.com/DxChainNetwork/godx/common/json.go:288.39,290.17 2 1
github.com/DxChainNetwork/godx/common/json.go:290.17,292.4 1 1
github.com/DxChainNetwork/godx/common/json.go:297.42,299.17 2 0
github.com/DxChainNetwork/godx/common/json.go:299.17,301.4 1 0
github.com/DxChainNetwork/godx/common/json.go:309.40,311.25 2 1
github.com/DxChainNetwork/godx/common/json.go:314.2,315.10 2 1
github.com/DxChainNetwork/godx/common/json.go:311.25,313.3 1 1
github.com/DxChainNetwork/godx/common/path.go:29.44,31.2 1 0
github.com/DxChainNetwork/godx/common/path.go:34.38,36.38 2 0
github.com/DxChainNetwork/godx/common/path.go:40.2,40.13 1 0
github.com/DxChainNetwork/godx/common/path.go:36.38,38.3 1 0
github.com/DxChainNetwork/godx/common/path.go:44.59,45.30 1 0
github.com/DxChainNetwork/godx/common/path.go:48.2,48.41 1 0
github.com/DxChainNetwork/godx/common/path.go:45.30,47.3 1 0
github.com/DxChainNetwork/godx/common/size.go:28.38,29.17 1 0
github.com/DxChainNetwork/godx/common/size.go:29.17,31.3 1 0
github.com/DxChainNetwork/godx/common/size.go:31.8,31.21 1 0
github.com/DxChainNetwork/godx/common/size.go:31.21,33.3 1 0
github.com/DxChainNetwork/godx/common/size.go:33.8,35.3 1 0
github.com/DxChainNetwork/godx/common/size.go:40.46,41.17 1 0
github.com/DxChainNetwork/godx/common/size.go:41.17,43.3 1 0
github.com/DxChainNetwork/godx/common/size.go:43.8,43.21 1 0
github.com/DxChainNetwork/godx/common/size.go:43.21,45.3 1 0
github.com/DxChainNetwork/godx/common/size.go:45.8,47.3 1 0
github.com/DxChainNetwork/godx/common/debug.go:28.35,38.2 6 0
github.com/DxChainNetwork/godx/common/debug.go:41.42,52.2 3 0
github.com/DxChainNetwork/godx/common/format.go:34.41,36.65 2 0
github.com/DxChainNetwork/godx/common/format.go:39.2,39.14 1 0
github.com/DxChainNetwork/godx/common/format.go:36.65,38.3 1 0
github.com/DxChainNetwork/godx/common/format.go:62.36,65.24 2 0
github.com/DxChainNetwork/godx/common/format.go:69.2,71.32 2 0
github.com/DxChainNetwork/godx/common/format.go:81.2,81.15 1 0
github.com/DxChainNetwork/godx/common/format.go:65.24,67.3 1 0
github.com/DxChainNetwork/godx/common/format.go:71.32,72.23 1 0
github.com/DxChainNetwork/godx/common/format.go:72.23,76.28 3 0
github.com/DxChainNetwork/godx/common/format.go:76.28,77.10 1 0
github.com/DxChainNetwork/godx/common/types.go:51.33,55.2 3 0
github.com/DxChainNetwork/godx/common/types.go:59.33,59.66 1 0
github.com/DxChainNetwork/godx/common/types.go:63.31,63.65 1 0
github.com/DxChainNetwork/godx/common/types.go:66.30,66.45 1 0
github.com/DxChainNetwork/godx/common/types.go:69.30,69.68 1 0
github.com/DxChainNetwork/godx/common/types.go:72.28,72.59 1 1
github.com/DxChainNetwork/godx/common/types.go:76.39,78.2 1 0
github.com/DxChainNetwork/godx/common/types.go:82.31,84.2 1 1
github.com/DxChainNetwork/godx/common/types.go:88.43,90.2 1 0
github.com/DxChainNetwork/godx/common/types.go:93.50,95.2 1 0
github.com/DxChainNetwork/godx/common/types.go:98.50,100.2 1 1
github.com/DxChainNetwork/godx/common/types.go:103.45,105.2 1 1
github.com/DxChainNetwork/godx/common/types.go:109.35,110.21 1 0
github.com/DxChainNetwork/godx/common/types.go:114.2,114.32 1 0
github.com/DxChainNetwork/godx/common/types.go:110.21,112.3 1 0
github.com/DxChainNetwork/godx/common/types.go:118.65,120.34 2 0
github.com/DxChainNetwork/godx/common/types.go:123.2,123.27 1 0
github.com/DxChainNetwork/godx/common/types.go:120.34,122.3 1 0
github.com/DxChainNetwork/godx/common/types.go:127.44,129.9 2 0
github.com/DxChainNetwork/godx/common/types.go:132.2,132.29 1 0
github.com/DxChainNetwork/godx/common/types.go:135.2,136.12 2 0
github.com/DxChainNetwork/godx/common/types.go:129.9,131.3 1 0
github.com/DxChainNetwork/godx/common/types.go:132.29,134.3 1 0
github.com/DxChainNetwork/godx/common/types.go:140.45,142.2 1 0
github.com/DxChainNetwork/godx/common/types.go:148.60,150.2 1 0
github.com/DxChainNetwork/godx/common/types.go:153.55,155.2 1 0
github.com/DxChainNetwork/godx/common/types.go:164.39,168.2 3 0
github.com/DxChainNetwork/godx/common/types.go:172.39,172.75 1 0
github.com/DxChainNetwork/godx/common/types.go:176.37,176.74 1 0
github.com/DxChainNetwork/godx/common/types.go:180.34,181.21 1 0
github.com/DxChainNetwork/godx/common/types.go:184.2,184.46 1 0
github.com/DxChainNetwork/godx/common/types.go:181.21,183.3 1 0
github.com/DxChainNetwork/godx/common/types.go:188.33,188.48 1 0
github.com/DxChainNetwork/godx/common/types.go:191.33,191.71 1 0
github.com/DxChainNetwork/godx/common/types.go:194.30,194.58 1 0
github.com/DxChainNetwork/godx/common/types.go:197.31,204.35 6 0
github.com/DxChainNetwork/godx/common/types.go:215.2,215.30 1 0
github.com/DxChainNetwork/godx/common/types.go:204.35,206.15 2 0
github.com/DxChainNetwork/godx/common/types.go:211.3,211.38 1 0
github.com/DxChainNetwork/godx/common/types.go:206.15,208.4 1 0
github.com/DxChainNetwork/godx/common/types.go:208.9,210.4 1 0
github.com/DxChainNetwork/godx/common/types.go:211.38,213.4 1 0
github.com/DxChainNetwork/godx/common/types.go:219.34,221.2 1 0
github.com/DxChainNetwork/godx/common/types.go:225.46,227.2 1 0
github.com/DxChainNetwork/godx/common/types.go:231.38,232.21 1 0
github.com/DxChainNetwork/godx/common/types.go:235.2,235.35 1 0
github.com/DxChainNetwork/godx/common/types.go:232.21,234.3 1 0
github.com/DxChainNetwork/godx/common/types.go:239.48,241.2 1 0
github.com/DxChainNetwork/godx/common/types.go:244.53,246.2 1 0
github.com/DxChainNetwork/godx/common/types.go:249.53,251.2 1 0
github.com/DxChainNetwork/godx/common/types.go:254.47,256.9 2 0
github.com/DxChainNetwork/godx/common/types.go:259.2,259.32 1 0
github.com/DxChainNetwork/godx/common/types.go:262.2,263.12 2 0
github.com/DxChainNetwork/godx/common/types.go:256.9,258.3 1 0
github.com/DxChainNetwork/godx/common/types.go:259.32,261.3 1 0
github.com/DxChainNetwork/godx/common/types.go:267.48,269.2 1 0
github.com/DxChainNetwork/godx/common/types.go:275.63,277.2 1 0
github.com/DxChainNetwork/godx/common/types.go:280.58,282.2 1 0
github.com/DxChainNetwork/godx/common/types.go:292.57,294.2 1 0
github.com/DxChainNetwork/godx/common/types.go:297.79,298.28 1 0
github.com/DxChainNetwork/godx/common/types.go:301.2,302.75 2 0
github.com/DxChainNetwork/godx/common/types.go:298.28,300.3 1 0
github.com/DxChainNetwork/godx/common/types.go:306.63,307.80 1 0
github.com/DxChainNetwork/godx/common/types.go:310.2,310.44 1 0
github.com/DxChainNetwork/godx/common/types.go:307.80,309.3 1 0
github.com/DxChainNetwork/godx/common/types.go:314.59,315.82 1 0
github.com/DxChainNetwork/godx/common/types.go:318.2,318.55 1 0
github.com/DxChainNetwork/godx/common/types.go:315.82,317.3 1 0
github.com/DxChainNetwork/godx/common/types.go:322.47,324.2 1 0
github.com/DxChainNetwork/godx/common/types.go:327.45,328.24 1 0
github.com/DxChainNetwork/godx/common/types.go:331.2,331.56 1 0
github.com/DxChainNetwork/godx/common/types.go:328.24,330.3 1 0
github.com/DxChainNetwork/godx/common/types.go:335.50,337.2 1 0
github.com/DxChainNetwork/godx/common/types.go:340.47,342.2 1 0
